<?xml version="1.0" encoding="UTF-8"?>
<!-- Generated by org.testng.reporters.JUnitXMLReporter -->
<testsuite hostname="XIN009OLAB14917" name="Test" tests="10" failures="0" timestamp="3 Jul 2016 06:28:02 GMT" time="0.141" errors="0">
  <testcase name="@BeforeMethod beforeMethod" time="0.0" classname="TestCases.CreditCard.CheckTermsAndCondnDtlsForCreditCard">
    <failure type="org.testng.TestNGException" message="
Parameter &amp;apos;browser&amp;apos; is required by @Configuration on method beforeMethod but has not been marked @Optional or defined
in C:\Users\ab14917\SELENIUM_WORKSPACE\CCAutomationUpdated\testng_CC.xml">
      <![CDATA[org.testng.TestNGException: 
Parameter 'browser' is required by @Configuration on method beforeMethod but has not been marked @Optional or defined
in C:\Users\ab14917\SELENIUM_WORKSPACE\CCAutomationUpdated\testng_CC.xml
... Removed 24 stack frames]]>
    </failure>
  </testcase> <!-- @BeforeMethod beforeMethod -->
  <testcase name="@AfterMethod tearDown" time="0.0" classname="TestCases.CreditCard.CheckTermsAndCondnDtlsForCreditCard">
    <skipped/>
  </testcase> <!-- @AfterMethod tearDown -->
  <testcase name="@BeforeMethod beforeMethod" time="0.0" classname="TestCases.CreditCard.EditZipCodeCC">
    <skipped/>
  </testcase> <!-- @BeforeMethod beforeMethod -->
  <testcase name="@AfterMethod tearDown" time="0.0" classname="TestCases.CreditCard.EditZipCodeCC">
    <skipped/>
  </testcase> <!-- @AfterMethod tearDown -->
  <testcase name="@BeforeMethod beforeMethod" time="0.0" classname="TestCases.CreditCard.VerifyPaymentWithoutSaveCheckCC">
    <skipped/>
  </testcase> <!-- @BeforeMethod beforeMethod -->
  <testcase name="@AfterMethod tearDown" time="0.0" classname="TestCases.CreditCard.VerifyPaymentWithoutSaveCheckCC">
    <skipped/>
  </testcase> <!-- @AfterMethod tearDown -->
  <testcase name="@BeforeMethod beforeMethod" time="0.0" classname="TestCases.CreditCard.ModalPopUpCancelCC">
    <skipped/>
  </testcase> <!-- @BeforeMethod beforeMethod -->
  <testcase name="@AfterMethod tearDown" time="0.0" classname="TestCases.CreditCard.ModalPopUpCancelCC">
    <skipped/>
  </testcase> <!-- @AfterMethod tearDown -->
  <testcase name="@BeforeMethod beforeMethod" time="0.0" classname="TestCases.CreditCard.CCAutomationE2E">
    <skipped/>
  </testcase> <!-- @BeforeMethod beforeMethod -->
  <testcase name="@AfterMethod tearDown" time="0.0" classname="TestCases.CreditCard.CCAutomationE2E">
    <skipped/>
  </testcase> <!-- @AfterMethod tearDown -->
  <testcase name="@BeforeMethod beforeMethod" time="0.0" classname="TestCases.CreditCard.EditPastDateCC">
    <skipped/>
  </testcase> <!-- @BeforeMethod beforeMethod -->
  <testcase name="@AfterMethod tearDown" time="0.0" classname="TestCases.CreditCard.EditPastDateCC">
    <skipped/>
  </testcase> <!-- @AfterMethod tearDown -->
  <testcase name="@BeforeMethod beforeMethod" time="0.0" classname="TestCases.CreditCard.VerifyPaymentWithSaveCheckCC">
    <skipped/>
  </testcase> <!-- @BeforeMethod beforeMethod -->
  <testcase name="@AfterMethod tearDown" time="0.0" classname="TestCases.CreditCard.VerifyPaymentWithSaveCheckCC">
    <skipped/>
  </testcase> <!-- @AfterMethod tearDown -->
  <testcase name="@BeforeMethod beforeMethod" time="0.0" classname="TestCases.CreditCard.VerifyCancellationInfoCC">
    <skipped/>
  </testcase> <!-- @BeforeMethod beforeMethod -->
  <testcase name="@AfterMethod tearDown" time="0.0" classname="TestCases.CreditCard.VerifyCancellationInfoCC">
    <skipped/>
  </testcase> <!-- @AfterMethod tearDown -->
  <testcase name="@BeforeMethod beforeMethod" time="0.0" classname="TestCases.CreditCard.VerifyAmountAndDateFieldsCC">
    <skipped/>
  </testcase> <!-- @BeforeMethod beforeMethod -->
  <testcase name="@AfterMethod tearDown" time="0.0" classname="TestCases.CreditCard.VerifyAmountAndDateFieldsCC">
    <skipped/>
  </testcase> <!-- @AfterMethod tearDown -->
  <testcase name="@BeforeMethod beforeMethod" time="0.0" classname="TestCases.CreditCard.EditFutureExpirationDateCC">
    <skipped/>
  </testcase> <!-- @BeforeMethod beforeMethod -->
  <testcase name="@AfterMethod tearDown" time="0.0" classname="TestCases.CreditCard.EditFutureExpirationDateCC">
    <skipped/>
  </testcase> <!-- @AfterMethod tearDown -->
  <testcase name="testCheckTermsAndCondnDtlsForCreditCard" time="0.008" classname="TestCases.CreditCard.CheckTermsAndCondnDtlsForCreditCard">
    <skipped/>
  </testcase> <!-- testCheckTermsAndCondnDtlsForCreditCard -->
  <testcase name="editZip" time="0.002" classname="TestCases.CreditCard.EditZipCodeCC">
    <skipped/>
  </testcase> <!-- editZip -->
  <testcase name="testVerifyPaymentWithoutSaveCheckCC" time="0.0" classname="TestCases.CreditCard.VerifyPaymentWithoutSaveCheckCC">
    <skipped/>
  </testcase> <!-- testVerifyPaymentWithoutSaveCheckCC -->
  <testcase name="PopupCancel" time="0.002" classname="TestCases.CreditCard.ModalPopUpCancelCC">
    <skipped/>
  </testcase> <!-- PopupCancel -->
  <testcase name="testCCAutomationE2E" time="0.003" classname="TestCases.CreditCard.CCAutomationE2E">
    <skipped/>
  </testcase> <!-- testCCAutomationE2E -->
  <testcase name="pastDate" time="0.0" classname="TestCases.CreditCard.EditPastDateCC">
    <skipped/>
  </testcase> <!-- pastDate -->
  <testcase name="VerifyPaymentWithSave" time="0.002" classname="TestCases.CreditCard.VerifyPaymentWithSaveCheckCC">
    <skipped/>
  </testcase> <!-- VerifyPaymentWithSave -->
  <testcase name="testVerifyCancellationInfoCC" time="0.003" classname="TestCases.CreditCard.VerifyCancellationInfoCC">
    <skipped/>
  </testcase> <!-- testVerifyCancellationInfoCC -->
  <testcase name="testVerifyAmountAndDateFieldsCC" time="0.0" classname="TestCases.CreditCard.VerifyAmountAndDateFieldsCC">
    <skipped/>
  </testcase> <!-- testVerifyAmountAndDateFieldsCC -->
  <testcase name="testEditFutureExpirationDateCC" time="0.0" classname="TestCases.CreditCard.EditFutureExpirationDateCC">
    <skipped/>
  </testcase> <!-- testEditFutureExpirationDateCC -->
</testsuite> <!-- Test -->
